<?xml version="1.0" encoding="UTF-8"?>
<testng-results ignored="0" total="3" passed="3" failed="0" skipped="0">
  <reporter-output>
  </reporter-output>
  <suite started-at="2022-05-14T18:59:26 IST" name="Suite" finished-at="2022-05-14T19:00:24 IST" duration-ms="57560">
    <groups>
    </groups>
    <test started-at="2022-05-14T18:59:26 IST" name="Test" finished-at="2022-05-14T19:00:24 IST" duration-ms="57560">
      <class name="testng_example3.A">
        <test-method signature="test1()[pri:0, instance:testng_example3.A@34f7cfd9]" started-at="2022-05-14T18:59:51 IST" name="test1" finished-at="2022-05-14T19:00:09 IST" duration-ms="17755" status="PASS">
          <reporter-output>
          </reporter-output>
        </test-method> <!-- test1 -->
      </class> <!-- testng_example3.A -->
      <class name="testng_example3.B">
        <test-method signature="test2()[pri:0, instance:testng_example3.B@65f095f8]" started-at="2022-05-14T19:00:09 IST" name="test2" finished-at="2022-05-14T19:00:24 IST" duration-ms="14945" status="PASS">
          <reporter-output>
          </reporter-output>
        </test-method> <!-- test2 -->
      </class> <!-- testng_example3.B -->
      <class name="testng_example3.C">
        <test-method signature="test3()[pri:0, instance:testng_example3.C@29647f75]" started-at="2022-05-14T18:59:26 IST" name="test3" finished-at="2022-05-14T18:59:51 IST" duration-ms="24759" status="PASS">
          <reporter-output>
          </reporter-output>
        </test-method> <!-- test3 -->
      </class> <!-- testng_example3.C -->
    </test> <!-- Test -->
  </suite> <!-- Suite -->
</testng-results>
